<?xml version="1.0" encoding="UTF-8"?>
<!-- Generated by org.testng.reporters.JUnitXMLReporter -->
<testsuite ignored="0" hostname="SaiGaming" failures="0" tests="8" name="Surefire test" time="11.196" errors="0" timestamp="2024-11-02T03:51:35 GMT+07:00">
  <testcase classname="features.demo.google.GooglePageTest" name="testGoogleSearch" time="0.465"/>
  <testcase classname="features.demo.google.GooglePageTest" name="testGoogleSearchAnime" time="0.875"/>
  <testcase classname="features.demo.google.GooglePageTest" name="testSearchSaiGame" time="2.939"/>
  <testcase classname="features.demo.google.GooglePageTwoTest" name="testGoogleSearchAnimeTwo" time="1.11"/>
  <testcase classname="features.demo.google.GooglePageTwoTest" name="testGoogleSearchTwo" time="0.221"/>
  <testcase classname="features.demo.google.GooglePageTwoTest" name="testSearchSaiGameTwo" time="2.09"/>
  <testcase classname="features.demo.google.GoogleSearchTest" name="testGoogleSearch" time="0.626"/>
  <testcase classname="features.demo.google.GoogleSearchTest" name="testGoogleSearchAnime" time="0.448"/>
</testsuite> <!-- Surefire test -->
