<?xml version="1.0" encoding="UTF-8"?>
<!-- Generated by org.testng.reporters.JUnitXMLReporter -->
<testsuite ignored="0" hostname="SaiGaming" failures="0" tests="5" name="Surefire test" time="6.978" errors="0" timestamp="2024-10-31T05:25:29 GMT+07:00">
  <testcase classname="features.demo.google.GooglePageTest" name="testGoogleSearch" time="0.465"/>
  <testcase classname="features.demo.google.GooglePageTest" name="testGoogleSearchAnime" time="0.9"/>
  <testcase classname="features.demo.google.GooglePageTest" name="testSearchSaiGame" time="2.964"/>
  <testcase classname="features.demo.google.GoogleSearchTest" name="testGoogleSearch" time="0.505"/>
  <testcase classname="features.demo.google.GoogleSearchTest" name="testGoogleSearchAnime" time="0.398"/>
</testsuite> <!-- Surefire test -->
