-------------------------------------------------------------------------------
Test set: TestSuite
-------------------------------------------------------------------------------
Tests run: 8, Failures: 3, Errors: 0, Skipped: 0, Time elapsed: 13.637 s <<< FAILURE! - in TestSuite
features.demo.google.GooglePageTest.testGoogleSearch  Time elapsed: 0.458 s  <<< FAILURE!
java.lang.NullPointerException: Cannot invoke "com.aventstack.extentreports.ExtentTest.info(String)" because the return value of "core.report.ReportExtent.getTest()" is null
	at features.demo.google.GooglePageTest.testGoogleSearch(GooglePageTest.java:16)

features.demo.google.GooglePageTest.testSearchSaiGame  Time elapsed: 2.904 s  <<< FAILURE!
java.lang.NullPointerException: Cannot invoke "com.aventstack.extentreports.ExtentTest.pass(String)" because the return value of "core.report.ReportExtent.getTest()" is null
	at features.demo.google.GooglePageTest.testSearchSaiGame(GooglePageTest.java:47)

features.demo.google.GooglePageTwoTest.testSearchSaiGameTwo  Time elapsed: 2.696 s  <<< FAILURE!
java.lang.NullPointerException: Cannot invoke "com.aventstack.extentreports.ExtentTest.pass(String)" because the return value of "core.report.ReportExtent.getTest()" is null
	at features.demo.google.GooglePageTwoTest.testSearchSaiGameTwo(GooglePageTwoTest.java:44)

