<?xml version="1.0" encoding="UTF-8"?>
<testsuite xmlns:xsi="http://www.w3.org/2001/XMLSchema-instance" xsi:noNamespaceSchemaLocation="https://maven.apache.org/surefire/maven-surefire-plugin/xsd/surefire-test-report-3.0.xsd" version="3.0" name="TestSuite" time="7.534" tests="5" errors="0" skipped="0" failures="0">
  <properties>
[...]
</properties>
  <testcase name="testGoogleSearch" classname="features.demo.google.GooglePageTest" time="0.578">
    <system-out><![CDATA[GooglePageTest setUp
Page title is: Google
]]></system-out>
    <system-err><![CDATA[SLF4J: Failed to load class "org.slf4j.impl.StaticLoggerBinder".
SLF4J: Defaulting to no-operation (NOP) logger implementation
SLF4J: See http://www.slf4j.org/codes.html#StaticLoggerBinder for further details.
Oct 31, 2024 5:35:46 AM org.openqa.selenium.devtools.CdpVersionFinder findNearestMatch
WARNING: Unable to find an exact match for CDP version 130, returning the closest version; found: 127; Please update to a Selenium version that supports CDP version 130
]]></system-err>
  </testcase>
  <testcase name="testGoogleSearchAnime" classname="features.demo.google.GooglePageTest" time="0.92">
    <system-out><![CDATA[GooglePageTest search Anime
]]></system-out>
  </testcase>
  <testcase name="testSearchSaiGame" classname="features.demo.google.GooglePageTest" time="2.94">
    <system-out><![CDATA[firstElement: Sai Game
]]></system-out>
  </testcase>
  <testcase name="testGoogleSearch" classname="features.demo.google.GoogleSearchTest" time="0.624">
    <system-out><![CDATA[GooglePageTest tearDown
GoogleSearchTest setUp
Page title is: Google
]]></system-out>
    <system-err><![CDATA[Oct 31, 2024 5:35:51 AM org.openqa.selenium.devtools.CdpVersionFinder findNearestMatch
WARNING: Unable to find an exact match for CDP version 130, returning the closest version; found: 127; Please update to a Selenium version that supports CDP version 130
]]></system-err>
  </testcase>
  <testcase name="testGoogleSearchAnime" classname="features.demo.google.GoogleSearchTest" time="0.504">
    <system-out><![CDATA[GoogleSearchTest search Anime
]]></system-out>
  </testcase>
</testsuite>