-------------------------------------------------------------------------------
Test set: TestSuite
-------------------------------------------------------------------------------
Tests run: 3, Failures: 1, Errors: 0, Skipped: 0, Time elapsed: 5.001 s <<< FAILURE! - in TestSuite
features.demo.google.GooglePageTest.testSearchSaiGame  Time elapsed: 2.223 s  <<< FAILURE!
java.lang.AssertionError: Keyword not in the result expected [true] but found [false]
	at features.demo.google.GooglePageTest.testSearchSaiGame(GooglePageTest.java:49)

